C51 COMPILER V7.20   EZMACPRO_CONST                                                        04/10/2014 16:48:40 PAGE 1   


C51 COMPILER V7.20, COMPILATION OF MODULE EZMACPRO_CONST
OBJECT MODULE PLACED IN EZMacPro_Const.OBJ
COMPILER INVOKED BY: C:\Keil\C51\BIN\c51.exe EZMacPro_Const.c DB OE BR DF(SI1000MB_SI1000,FREQUENCY_BAND_434,TRANSCEIVER
                    -_OPERATION,FOUR_CHANNEL_IS_USED,EXTENDED_PACKET_FORMAT,TRACE_ENABLED) INCDIR(..\..\bsp;..\..\stack;c:\SiLabs\MCU_3\Inc)

line level    source

   1          /*!\file EZMacPro_Const.c
   2           * \brief EZMacPRO stack constants.
   3           *
   4           * \n EZMacPRO version: 3.0.1r
   5           *
   6           * \n This software must be used in accordance with the End User License
   7           * \n Agreement.
   8           *
   9           * \b COPYRIGHT
  10           * \n Copyright 2012 Silicon Laboratories, Inc.
  11           * \n http://www.silabs.com
  12           */
  13          
  14          
  15                          /* ======================================= *
  16                           *              I N C L U D E              *
  17                           * ======================================= */
  18          
  19          #include "stack.h"
  20          
  21          
  22                          /* ======================================= *
  23                           *          D E F I N I T I O N S          *
  24                           * ======================================= */
  25          
  26                          /* ======================================= *
  27                           *            C O N S T A N T S            *
  28                           * ======================================= */
  29          
  30          #ifdef FOUR_CHANNEL_IS_USED
  31          
  32          #ifdef ANTENNA_DIVERSITY_ENABLED
              #ifdef FREQUENCY_BAND_434
              const SEGMENT_VARIABLE (Parameters[4][11], U8, SEG_CODE) =
              {
                  //FR_S1,   FR_S2,  FR_S3,   FR_ST,   MAX_CH,  PR1,  PR2,  PR3,  PR4,        ST,     PRDT
                  {0x53, 0x53, 0x40, 33, 4, 8, 10, 13, 16, 3, 5}, //DR: 2.4kbps, DEV: +-38.4kHz, BBBW: 85.1kHz
                  {0x53, 0x53, 0x40, 33, 4, 8, 10, 13, 16, 3, 5}, //DR: 9.6kbps, DEV: +-38.4kHz, BBBW: 95.3kHz
                  {0x53, 0x5A, 0x40, 36, 2, 8, 14, 19, 24, 5, 5}, //DR: 50kbps, DEV: +-25kHz, BBBW: 112.1kHz
                  {0x53, 0x61, 0xC0, 0, 1, 8, 18, 25, 32, 7, 5} //DR: 128kbps, DEV: +-64kHz, BBBW: 269.3kHz
              };
              #elif defined FREQUENCY_BAND_868
              const SEGMENT_VARIABLE (Parameters[4][11], U8, SEG_CODE) =
              {
                  //FR_S1     FR_S2,  FR_S3,  FR_ST,          MAX_CH,  PR1,   PR2,  PR3,  PR4,        ST,     PRDT
                  {0x73, 0x2C, 0x60, 45, 14, 8, 10, 13, 16, 3, 5}, //DR: 2.4kbps, DEV: +-38.4kHz, BBBW: 95.3kHz
                  {0x73, 0x2C, 0x60, 45, 14, 8, 10, 13, 16, 3, 5}, //DR: 9.6kbps, DEV: +-38.4kHz, BBBW: 102.2kHz
                  {0x73, 0x2E, 0xE0, 78, 8, 8, 14, 19, 24, 5, 5}, //DR: 50kbps, DEV: +-25kHz, BBBW: 112.8kHz
                  {0x73, 0x32, 0x00, 100, 6, 8, 18, 25, 32, 7, 5} //DR: 128kbps, DEV: +-64kHz, BBBW: 269.3kHz
              };
              
              #elif defined FREQUENCY_BAND_915
              const SEGMENT_VARIABLE (Parameters[4][11], U8, SEG_CODE) =
              {
C51 COMPILER V7.20   EZMACPRO_CONST                                                        04/10/2014 16:48:40 PAGE 2   

                  //FR_S1,  FR_S2,    FR_S3,  FR_ST,  MAX_CH,  PR1,  PR2,  PR3,       PR4,    ST,     PDTR
              
                  {   0x75, 0x25, 0x80, 48, 60, 8, 10, 13, 16, 3, 5}, //DR: 2.4kbps, DEV: +-38.4kHz, BBBW: 95.3kHz
              
                  {   0x75, 0x25, 0x80, 48, 60, 8, 10, 13, 16, 3, 5}, //DR: 9.6kbps, DEV: +-38.4kHz, BBBW: 102.2kHz
              
                  {   0x75, 0x25, 0x80, 78, 37, 8, 14, 19, 24, 5, 5}, //DR: 50kbps, DEV: +-25kHz, BBBW: 112.8kHz
              
                  {   0x75, 0x25, 0x80, 100, 29, 8, 18, 25, 32, 7, 5} //DR: 128kbps, DEV: +-64kHz, BBBW: 269.3kHz
              };
              #endif
              
              #else
  68          #ifdef FREQUENCY_BAND_434
  69          const SEGMENT_VARIABLE (Parameters[4][11], U8, SEG_CODE) =
  70          {
  71              //FR_S1,   FR_S2,  FR_S3,   FR_ST,   MAX_CH,  PR1,  PR2,  PR3,  PR4,        ST,     PDTR
  72              {0x53, 0x53, 0x40, 33, 4, 4, 10, 13, 16, 3, 5}, //DR: 2.4kbps, DEV: +-38.4kHz, BBBW: 85.1kHz
  73              {0x53, 0x53, 0x40, 33, 4, 4, 10, 13, 16, 3, 5}, //DR: 9.6kbps, DEV: +-38.4kHz, BBBW: 95.3kHz
  74              {0x53, 0x5A, 0x40, 36, 2, 4, 14, 19, 24, 5, 5}, //DR: 50kbps, DEV: +-25kHz, BBBW: 112.1kHz
  75              {0x53, 0x61, 0xC0, 0, 1, 4, 18, 25, 32, 7, 5} //DR: 128kbps, DEV: +-64kHz, BBBW: 269.3kHz
  76          };
  77          #elif defined FREQUENCY_BAND_868
              const SEGMENT_VARIABLE (Parameters[4][11], U8, SEG_CODE) =
              {
                  //FR_S1     FR_S2,  FR_S3,  FR_ST,          MAX_CH,  PR1,   PR2,  PR3,  PR4,        ST,     PDTR
              
                  {   0x73, 0x2C, 0x60, 45, 14, 4, 10, 13, 16, 3, 5}, //DR: 2.4kbps, DEV: +-38.4kHz, BBBW: 95.3kHz
              
                  {   0x73, 0x2C, 0x60, 45, 14, 4, 10, 13, 16, 3, 5}, //DR: 9.6kbps, DEV: +-38.4kHz, BBBW: 102.2kHz
              
                  {   0x73, 0x2E, 0xE0, 78, 8, 4, 14, 19, 24, 5, 5}, //DR: 50kbps, DEV: +-25kHz, BBBW: 112.8kHz
              
                  {   0x73, 0x32, 0x00, 100, 6, 4, 18, 25, 32, 7, 5} //DR: 128kbps, DEV: +-64kHz, BBBW: 269.3kHz
              };
              
              #elif defined FREQUENCY_BAND_915
              const SEGMENT_VARIABLE( Parameters[4][11], U8, SEG_CODE) =
              {
                      //FR_S1,    FR_S2,  FR_S3,      FR_ST,  MAX_CH, PR1,    PR2,    PR3,    PR4,    ST,     PDTR
                      { 0x75,     0x25,   0x80,   48,     60,     4,      10,     13,     16,     3,  5 },    //DR: 2.4k
             -bps, DEV: +-38.4kHz, BBBW: 95.3kHz
                      { 0x75,     0x25,   0x80,   48,     60,     4,      10,     13,     16,     3,  5 },    //DR: 9.6k
             -bps, DEV: +-38.4kHz, BBBW: 102.2kHz
                      { 0x75,     0x25,   0x80,   78,     37,     4,      14,     19,     24,     5,  5 },    //DR: 50kb
             -ps, DEV: +-25kHz, BBBW: 112.8kHz
                      { 0x75,     0x25,   0x80,   100,    29,     4,      18,     25,     32,     7,  5 }     //DR: 128k
             -bps, DEV: +-64kHz, BBBW: 269.3kHz
              };
              #endif
 101          #endif//ANTENNA_DIVERSITY_ENABLED
 102          #endif//FOUR_CHANNEL_IS_USED
 103          #ifdef MORE_CHANNEL_IS_USED
              #ifdef FREQUENCY_BAND_434
              const SEGMENT_VARIABLE (Parameters[4][11], U8, SEG_CODE) =
              {
                  //FR_S1,    FR_S2,  FR_S3,  FR_ST,   ST,    CHNBR,  PREAL,  PREARV1,        PREAV2,         PRDT    PLLT
              
                  {   0x53, 0x53, 0x40, 33, 24, 50, 160, 0x01, 0x40, 4, 0x52}, //DR: 2.4kbps, DEV: +-38.4kHz, BBBW: 85.1
             -kHz
              
                  {   0x53, 0x53, 0x40, 33, 26, 50, 172, 0x01, 0x58, 4, 0x52}, //DR: 9.6kbps, DEV: +-38.4kHz, BBBW: 95.3
C51 COMPILER V7.20   EZMACPRO_CONST                                                        04/10/2014 16:48:40 PAGE 3   

             -kHz
              
                  {   0x53, 0x5A, 0x40, 36, 34, 50, 225, 0x01, 0xC2, 3, 0x52}, //DR: 50kbps, DEV: +-25kHz, BBBW: 112.1kH
             -z
              
                  {   0x53, 0x61, 0xC0, 0, 37, 50, 245, 0x01, 0xEA, 3, 0x08}, //DR: 128kbps, DEV: +-64kHz, BBBW: 269.3kH
             -z
              };
              #elif defined FREQUENCY_BAND_868
              const SEGMENT_VARIABLE (Parameters[4][11], U8, SEG_CODE) =
              {
                  //FR_S1     FR_S2,  FR_S3,  FR_ST,  ST,     CHNBR,  PREAL,  PREARV1 PREARV2 PRDT    PLLT
              
                  {   0x73, 0x2C, 0x60, 45, 24, 50, 160, 0x01, 0x40, 4, 0x52}, //DR: 2.4kbps, DEV: +-38.4kHz, BBBW: 95.3
             -kHz
              
                  {   0x73, 0x2C, 0x60, 45, 26, 50, 172, 0x01, 0x58, 4, 0x52}, //DR: 9.6kbps, DEV: +-38.4kHz, BBBW: 102.
             -2kHz
              
                  {   0x73, 0x2E, 0xE0, 78, 34, 50, 225, 0x01, 0xC2, 3, 0x52}, //DR: 50kbps, DEV: +-25kHz, BBBW: 112.8kH
             -z
              
                  {   0x73, 0x32, 0x00, 100, 37, 50, 245, 0x01, 0xEA, 3, 0x08} //DR: 128kbps, DEV: +-64kHz, BBBW: 269.3k
             -Hz
              };
              
              #elif defined FREQUENCY_BAND_915
              const SEGMENT_VARIABLE (Parameters[4][11], U8, SEG_CODE) =
              {
                  //FR_S1,  FR_S2,    FR_S3,  FR_ST,  ST,     CHNBR,  PREAL,  PREARV1 PREARV2 PRDT    PLLT
              
                  {   0x75, 0x25, 0x80, 48, 24, 50, 160, 0x01, 0x40, 4, 0x52}, //DR: 2.4kbps, DEV: +-38.4kHz, BBBW: 95.3
             -kHz
              
                  {   0x75, 0x25, 0x80, 48, 26, 50, 172, 0x01, 0x58, 4, 0x52}, //DR: 9.6kbps, DEV: +-38.4kHz, BBBW: 102.
             -2kHz
              
                  {   0x75, 0x25, 0x80, 48, 34, 50, 225, 0x01, 0xC2, 3, 0x52}, //DR: 50kbps, DEV: +-25kHz, BBBW: 112.8kH
             -z
              
                  {   0x75, 0x25, 0x80, 48, 37, 50, 245, 0x01, 0xEA, 3, 0x08} //DR: 128kbps, DEV: +-64kHz, BBBW: 269.3kH
             -z
              };
              #endif
              #endif//MORE_CHANNEL_IS_USED
 146          
 147          const SEGMENT_VARIABLE( FrequencyTable[50], U8, SEG_CODE) =
 148          {
 149              0, 1, 2, 3, 4, 5, 6, 7, 8, 9, 10, 11, 12, 13, 14, 15, 16, 17, 18, 19, 20,
 150              21, 22, 23, 24, 25, 26, 27, 28, 29, 30, 31, 32, 33, 34, 35, 36, 37, 38, 39,
 151              40, 41, 42, 43, 44, 45, 46, 47, 48, 49
 152          };
 153          
 154          const SEGMENT_VARIABLE( EZMacProByteTime[4], U16, SEG_CODE) =
 155          {
 156              BYTE_TIME(2400), BYTE_TIME(9600), BYTE_TIME(50000), BYTE_TIME(128000L)
 157          };


MODULE INFORMATION:   STATIC OVERLAYABLE
   CODE SIZE        =   ----    ----
   CONSTANT SIZE    =    102    ----
C51 COMPILER V7.20   EZMACPRO_CONST                                                        04/10/2014 16:48:40 PAGE 4   

   XDATA SIZE       =   ----    ----
   PDATA SIZE       =   ----    ----
   DATA SIZE        =   ----    ----
   IDATA SIZE       =   ----    ----
   BIT SIZE         =   ----    ----
END OF MODULE INFORMATION.


C51 COMPILATION COMPLETE.  0 WARNING(S),  0 ERROR(S)
